<?xml version="1.0" encoding="UTF-8"?>
<!-- Generated by org.testng.reporters.JUnitReportReporter -->
<testsuite hostname="Ananyaa" failures="0" tests="1" name="test1.NewTest" time="16.342" errors="0" timestamp="2023-04-27T11:32:14 IST" skipped="0">
  <testcase classname="test1.NewTest" name="tc_003" time="16.342"/>
  <system-out/>
</testsuite> <!-- test1.NewTest -->
