<?xml version="1.0" encoding="UTF-8"?>
<!-- Generated by org.testng.reporters.JUnitReportReporter -->
<testsuite hostname="Ananyaa" failures="0" tests="4" name="com.example.thursday.selproj2.NewTest1" time="0.035" errors="0" timestamp="2023-04-27T12:02:34 IST" skipped="0">
  <testcase classname="com.example.thursday.selproj2.NewTest1" name="divide" time="0.003"/>
  <system-out/>
  <testcase classname="com.example.thursday.selproj2.NewTest1" name="sub" time="0.003"/>
  <system-out/>
  <testcase classname="com.example.thursday.selproj2.NewTest1" name="add" time="0.026"/>
  <system-out/>
  <testcase classname="com.example.thursday.selproj2.NewTest1" name="multiply" time="0.003"/>
  <system-out/>
</testsuite> <!-- com.example.thursday.selproj2.NewTest1 -->
