<?xml version="1.0" encoding="UTF-8"?>
<!-- Generated by org.testng.reporters.JUnitReportReporter -->
<testsuite hostname="Ananyaa" failures="0" tests="2" name="com.example.thursday.selproj2.NewTest3" time="32.339" errors="0" timestamp="2023-04-27T15:22:57 IST" skipped="0">
  <testcase classname="com.example.thursday.selproj2.NewTest3" name="tc_2" time="17.275"/>
  <system-out/>
  <testcase classname="com.example.thursday.selproj2.NewTest3" name="tc_1" time="15.064"/>
  <system-out/>
</testsuite> <!-- com.example.thursday.selproj2.NewTest3 -->
